<?xml version="1.0" encoding="UTF-8"?>
<!-- Generated by org.testng.reporters.JUnitXMLReporter -->
<testsuite ignored="4" hostname="DESKTOP-9V99BD6" failures="0" tests="3" name="ContactTestSuit" time="67.239" errors="0" timestamp="2025-06-11T15:16:32 IST">
  <testcase classname="com.comcast.crm.contacttest.CreateContactTest" name="createContactTest" time="8.183"/>
  <testcase classname="com.comcast.crm.contacttest.CreateContactWithOrgTest" name="createContactWithOrgTest" time="21.357"/>
  <testcase classname="com.comcast.crm.contacttest.CreateContactWithSupportDateTest" name="createContactWithSupportDateTest" time="8.509"/>
  <testcase classname="com.comcast.crm.basetest.BaseClass" name="@AfterSuite toCloseDB" time="0.0">
    <ignored/>
  </testcase> <!-- @AfterSuite toCloseDB -->
  <testcase classname="com.comcast.crm.basetest.BaseClass" name="@BeforeSuite configBeforeSuite" time="0.0">
    <ignored/>
  </testcase> <!-- @BeforeSuite configBeforeSuite -->
  <testcase classname="com.comcast.crm.basetest.BaseClass" name="@BeforeSuite configBeforeSuite" time="0.0">
    <ignored/>
  </testcase> <!-- @BeforeSuite configBeforeSuite -->
  <testcase classname="com.comcast.crm.basetest.BaseClass" name="@AfterSuite toCloseDB" time="0.0">
    <ignored/>
  </testcase> <!-- @AfterSuite toCloseDB -->
</testsuite> <!-- ContactTestSuit -->
