<?xml version="1.0" encoding="UTF-8"?>
<!-- Generated by org.testng.reporters.JUnitXMLReporter -->
<testsuite ignored="4" hostname="DESKTOP-9V99BD6" failures="2" tests="4" name="ContactTestSuit" time="75.99" errors="0" timestamp="2025-06-04T16:15:09 IST">
  <testcase classname="com.comcast.crm.contacttest.CreateContactTest" name="createContactTest" time="11.463"/>
  <testcase classname="com.comcast.crm.contacttest.CreateContactWithOrgTest" name="createContactWithOrgTest" time="21.453"/>
  <testcase classname="com.comcast.crm.contacttest.CreateContactWithSupportDateTest" name="createContactWithSupportDateTest" time="11.0">
    <failure type="java.lang.AssertionError" message="expected [false] but found [true]">
      <![CDATA[java.lang.AssertionError: expected [false] but found [true]
at com.comcast.crm.contacttest.CreateContactWithSupportDateTest.createContactWithSupportDateTest(CreateContactWithSupportDateTest.java:51)
at java.base/java.util.ArrayList.forEach(ArrayList.java:1596)
... Removed 32 stack frames]]>
    </failure>
  </testcase> <!-- createContactWithSupportDateTest -->
  <testcase classname="com.comcast.crm.contacttest.CreateContactWithSupportDateTest" name="createContactWithSupportDateTest" time="14.734">
    <failure type="java.lang.NullPointerException" message="Cannot invoke &amp;quot;org.openqa.selenium.TakesScreenshot.getScreenshotAs(org.openqa.selenium.OutputType)&amp;quot; because &amp;quot;driver&amp;quot; is null">
      <![CDATA[java.lang.NullPointerException: Cannot invoke "org.openqa.selenium.TakesScreenshot.getScreenshotAs(org.openqa.selenium.OutputType)" because "driver" is null
at com.comcast.crm.listenerutility.ListenerImplementationClass.onTestFailure(ListenerImplementationClass.java:65)
at java.base/java.util.ArrayList.forEach(ArrayList.java:1596)
... Removed 24 stack frames]]>
    </failure>
  </testcase> <!-- createContactWithSupportDateTest -->
  <testcase classname="com.comcast.crm.basetest.BaseClass" name="@BeforeSuite configBeforeSuite" time="0.0">
    <ignored/>
  </testcase> <!-- @BeforeSuite configBeforeSuite -->
  <testcase classname="com.comcast.crm.basetest.BaseClass" name="@AfterSuite toCloseDB" time="0.0">
    <ignored/>
  </testcase> <!-- @AfterSuite toCloseDB -->
  <testcase classname="com.comcast.crm.basetest.BaseClass" name="@AfterSuite toCloseDB" time="0.0">
    <ignored/>
  </testcase> <!-- @AfterSuite toCloseDB -->
  <testcase classname="com.comcast.crm.basetest.BaseClass" name="@BeforeSuite configBeforeSuite" time="0.0">
    <ignored/>
  </testcase> <!-- @BeforeSuite configBeforeSuite -->
</testsuite> <!-- ContactTestSuit -->
