<?xml version="1.0" encoding="UTF-8"?>
<testng-results ignored="0" total="1" passed="0" failed="1" skipped="0">
  <reporter-output>
    <line>
      <![CDATA[=======Server connected successfully=====]]>
    </line>
    <line>
      <![CDATA[======Connected to database successfully=====]]>
    </line>
    <line>
      <![CDATA[chrome]]>
    </line>
    <line>
      <![CDATA[Login successfully]]>
    </line>
    <line>
      <![CDATA[Browser closed successfully]]>
    </line>
    <line>
      <![CDATA[===Database closed successfully===]]>
    </line>
    <line>
      <![CDATA[===Server closed successfully===]]>
    </line>
  </reporter-output>
  <suite started-at="2025-01-28T15:19:42 IST" name="Default suite" finished-at="2025-01-28T15:20:01 IST" duration-ms="19663">
    <groups>
    </groups>
    <test started-at="2025-01-28T15:19:42 IST" name="Default test" finished-at="2025-01-28T15:20:01 IST" duration-ms="19663">
      <class name="testScripts.CreateContactTest">
        <test-method is-config="true" signature="toConnectServer()[pri:0, instance:testScripts.CreateContactTest@273444fe]" started-at="2025-01-28T15:19:42 IST" name="toConnectServer" finished-at="2025-01-28T15:19:42 IST" duration-ms="14" status="PASS">
          <reporter-output>
            <line>
              <![CDATA[=======Server connected successfully=====]]>
            </line>
          </reporter-output>
        </test-method> <!-- toConnectServer -->
        <test-method is-config="true" signature="toConnectDatabase()[pri:0, instance:testScripts.CreateContactTest@273444fe]" started-at="2025-01-28T15:19:42 IST" name="toConnectDatabase" finished-at="2025-01-28T15:19:42 IST" duration-ms="2" status="PASS">
          <reporter-output>
            <line>
              <![CDATA[======Connected to database successfully=====]]>
            </line>
          </reporter-output>
        </test-method> <!-- toConnectDatabase -->
        <test-method is-config="true" signature="setUp()[pri:0, instance:testScripts.CreateContactTest@273444fe]" started-at="2025-01-28T15:19:42 IST" name="setUp" finished-at="2025-01-28T15:19:45 IST" duration-ms="3313" status="PASS">
          <reporter-output>
            <line>
              <![CDATA[chrome]]>
            </line>
          </reporter-output>
        </test-method> <!-- setUp -->
        <test-method is-config="true" signature="login()[pri:0, instance:testScripts.CreateContactTest@273444fe]" started-at="2025-01-28T15:19:45 IST" name="login" finished-at="2025-01-28T15:19:51 IST" duration-ms="5714" status="PASS">
          <reporter-output>
            <line>
              <![CDATA[Login successfully]]>
            </line>
          </reporter-output>
        </test-method> <!-- login -->
        <test-method signature="contactWithLastNameOrgName()[pri:0, instance:testScripts.CreateContactTest@273444fe]" started-at="2025-01-28T15:19:51 IST" name="contactWithLastNameOrgName" finished-at="2025-01-28T15:20:01 IST" duration-ms="10217" status="FAIL">
          <exception class="java.lang.IllegalArgumentException">
            <message>
              <![CDATA[Driver must be set]]>
            </message>
            <full-stacktrace>
              <![CDATA[java.lang.IllegalArgumentException: Driver must be set
at org.openqa.selenium.internal.Require.nonNull(Require.java:61)
at org.openqa.selenium.interactions.Actions.<init>(Actions.java:64)
at org.openqa.selenium.interactions.Actions.<init>(Actions.java:60)
at genericLibrary.WebDriverUtility.<init>(WebDriverUtility.java:21)
at pomPages.ContactClass.createCoantactLastNameOrgName(ContactClass.java:48)
at testScripts.CreateContactTest.contactWithLastNameOrgName(CreateContactTest.java:32)
at java.base/jdk.internal.reflect.DirectMethodHandleAccessor.invoke(DirectMethodHandleAccessor.java:103)
at java.base/java.lang.reflect.Method.invoke(Method.java:580)
at org.testng.internal.invokers.MethodInvocationHelper.invokeMethod(MethodInvocationHelper.java:141)
at org.testng.internal.invokers.TestInvoker.invokeMethod(TestInvoker.java:686)
at org.testng.internal.invokers.TestInvoker.invokeTestMethod(TestInvoker.java:230)
at org.testng.internal.invokers.MethodRunner.runInSequence(MethodRunner.java:63)
at org.testng.internal.invokers.TestInvoker$MethodInvocationAgent.invoke(TestInvoker.java:992)
at org.testng.internal.invokers.TestInvoker.invokeTestMethods(TestInvoker.java:203)
at org.testng.internal.invokers.TestMethodWorker.invokeTestMethods(TestMethodWorker.java:154)
at org.testng.internal.invokers.TestMethodWorker.run(TestMethodWorker.java:134)
at java.base/java.util.ArrayList.forEach(ArrayList.java:1596)
at org.testng.TestRunner.privateRun(TestRunner.java:739)
at org.testng.TestRunner.run(TestRunner.java:614)
at org.testng.SuiteRunner.runTest(SuiteRunner.java:421)
at org.testng.SuiteRunner.runSequentially(SuiteRunner.java:413)
at org.testng.SuiteRunner.privateRun(SuiteRunner.java:373)
at org.testng.SuiteRunner.run(SuiteRunner.java:312)
at org.testng.SuiteRunnerWorker.runSuite(SuiteRunnerWorker.java:52)
at org.testng.SuiteRunnerWorker.run(SuiteRunnerWorker.java:95)
at org.testng.TestNG.runSuitesSequentially(TestNG.java:1274)
at org.testng.TestNG.runSuitesLocally(TestNG.java:1208)
at org.testng.TestNG.runSuites(TestNG.java:1112)
at org.testng.TestNG.run(TestNG.java:1079)
at org.testng.remote.AbstractRemoteTestNG.run(AbstractRemoteTestNG.java:115)
at org.testng.remote.RemoteTestNG.initAndRun(RemoteTestNG.java:293)
at org.testng.remote.RemoteTestNG.main(RemoteTestNG.java:91)
]]>
            </full-stacktrace>
          </exception> <!-- java.lang.IllegalArgumentException -->
          <reporter-output>
          </reporter-output>
        </test-method> <!-- contactWithLastNameOrgName -->
        <test-method is-config="true" signature="signout()[pri:0, instance:testScripts.CreateContactTest@273444fe]" started-at="2025-01-28T15:20:01 IST" name="signout" finished-at="2025-01-28T15:20:01 IST" duration-ms="0" status="PASS">
          <reporter-output>
          </reporter-output>
        </test-method> <!-- signout -->
        <test-method is-config="true" signature="tearDown()[pri:0, instance:testScripts.CreateContactTest@273444fe]" started-at="2025-01-28T15:20:01 IST" name="tearDown" finished-at="2025-01-28T15:20:01 IST" duration-ms="345" status="PASS">
          <reporter-output>
            <line>
              <![CDATA[Browser closed successfully]]>
            </line>
          </reporter-output>
        </test-method> <!-- tearDown -->
        <test-method is-config="true" signature="toCloseDatabase()[pri:0, instance:testScripts.CreateContactTest@273444fe]" started-at="2025-01-28T15:20:01 IST" name="toCloseDatabase" finished-at="2025-01-28T15:20:01 IST" duration-ms="1" status="PASS">
          <reporter-output>
            <line>
              <![CDATA[===Database closed successfully===]]>
            </line>
          </reporter-output>
        </test-method> <!-- toCloseDatabase -->
        <test-method is-config="true" signature="toCloseServer()[pri:0, instance:testScripts.CreateContactTest@273444fe]" started-at="2025-01-28T15:20:01 IST" name="toCloseServer" finished-at="2025-01-28T15:20:01 IST" duration-ms="1" status="PASS">
          <reporter-output>
            <line>
              <![CDATA[===Server closed successfully===]]>
            </line>
          </reporter-output>
        </test-method> <!-- toCloseServer -->
      </class> <!-- testScripts.CreateContactTest -->
    </test> <!-- Default test -->
  </suite> <!-- Default suite -->
</testng-results>
