<?xml version="1.0" encoding="UTF-8"?>
<testng-results ignored="0" total="1" passed="1" failed="0" skipped="0">
  <reporter-output>
  </reporter-output>
  <suite started-at="2025-06-18T22:08:05 IST" name="Default suite" finished-at="2025-06-18T22:09:08 IST" duration-ms="63943">
    <groups>
    </groups>
    <test started-at="2025-06-18T22:08:05 IST" name="Default test" finished-at="2025-06-18T22:09:08 IST" duration-ms="63943">
      <class name="com.comcast.crm.orgtest.CreateOrgTest">
        <test-method is-config="true" signature="configBeforeSuite()[pri:0, instance:com.comcast.crm.orgtest.CreateOrgTest@4b013c76]" started-at="2025-06-18T22:08:04 IST" name="configBeforeSuite" finished-at="2025-06-18T22:08:05 IST" duration-ms="71" status="PASS">
          <reporter-output>
          </reporter-output>
        </test-method> <!-- configBeforeSuite -->
        <test-method is-config="true" signature="configBeforeClass()[pri:0, instance:com.comcast.crm.orgtest.CreateOrgTest@4b013c76]" started-at="2025-06-18T22:08:05 IST" name="configBeforeClass" finished-at="2025-06-18T22:08:12 IST" duration-ms="7576" status="PASS">
          <reporter-output>
          </reporter-output>
        </test-method> <!-- configBeforeClass -->
        <test-method is-config="true" signature="login()[pri:0, instance:com.comcast.crm.orgtest.CreateOrgTest@4b013c76]" started-at="2025-06-18T22:08:12 IST" name="login" finished-at="2025-06-18T22:08:20 IST" duration-ms="7494" status="PASS">
          <reporter-output>
          </reporter-output>
        </test-method> <!-- login -->
        <test-method signature="createOrgTest()[pri:0, instance:com.comcast.crm.orgtest.CreateOrgTest@4b013c76]" started-at="2025-06-18T22:08:20 IST" name="createOrgTest" finished-at="2025-06-18T22:09:03 IST" duration-ms="43224" status="PASS">
          <reporter-output>
          </reporter-output>
        </test-method> <!-- createOrgTest -->
        <test-method is-config="true" signature="logout()[pri:0, instance:com.comcast.crm.orgtest.CreateOrgTest@4b013c76]" started-at="2025-06-18T22:09:03 IST" name="logout" finished-at="2025-06-18T22:09:07 IST" duration-ms="3868" status="PASS">
          <reporter-output>
          </reporter-output>
        </test-method> <!-- logout -->
        <test-method is-config="true" signature="configAfterClass()[pri:0, instance:com.comcast.crm.orgtest.CreateOrgTest@4b013c76]" started-at="2025-06-18T22:09:07 IST" name="configAfterClass" finished-at="2025-06-18T22:09:08 IST" duration-ms="1586" status="PASS">
          <reporter-output>
          </reporter-output>
        </test-method> <!-- configAfterClass -->
        <test-method is-config="true" signature="toCloseDB()[pri:0, instance:com.comcast.crm.orgtest.CreateOrgTest@4b013c76]" started-at="2025-06-18T22:09:09 IST" name="toCloseDB" finished-at="2025-06-18T22:09:09 IST" duration-ms="1" status="PASS">
          <reporter-output>
          </reporter-output>
        </test-method> <!-- toCloseDB -->
      </class> <!-- com.comcast.crm.orgtest.CreateOrgTest -->
    </test> <!-- Default test -->
  </suite> <!-- Default suite -->
</testng-results>
