<?xml version="1.0" encoding="UTF-8"?>
<!-- Generated by org.testng.reporters.JUnitReportReporter -->
<testsuite hostname="DESKTOP-9V99BD6" failures="0" tests="1" name="testScripts.HomePageTest" time="11.122" errors="0" timestamp="2025-01-28T13:24:59 IST" skipped="0">
  <testcase classname="testScripts.HomePageTest" name="homePageTest" time="11.122"/>
  <system-out>
    <![CDATA[=======Server connected successfully=====
======Connected to database successfully=====
chrome
Login successfully
Browser closed successfully
===Database closed successfully===
===Server closed successfully===]]>
  </system-out>
</testsuite> <!-- testScripts.HomePageTest -->
