<?xml version="1.0" encoding="UTF-8"?>
<!-- Generated by org.testng.reporters.JUnitReportReporter -->
<testsuite hostname="DESKTOP-9V99BD6" failures="0" tests="1" name="testScripts.HomePageTest" time="18.171" errors="0" timestamp="2025-01-14T17:25:03 IST" skipped="0">
  <testcase classname="testScripts.HomePageTest" name="homePageTest" time="18.171"/>
  <system-out>
    <![CDATA[=======Server connected successfully=====
======Connected to server successfully=====
chrome
Browser closed successfully
===Database closed successfully===
===Server closed successfully===]]>
  </system-out>
</testsuite> <!-- testScripts.HomePageTest -->
